<?xml version="1.0" encoding="UTF-8"?>
<!-- Generated by org.testng.reporters.JUnitXMLReporter -->
<testsuite ignored="0" hostname="APH10126" failures="0" tests="3" name="Default test" time="0.028" errors="0" timestamp="2022-10-17T14:26:32 IST">
  <testcase classname="mavenproject.mavenproject1.demoTestNg" name="AC3" time="0.006"/>
  <testcase classname="mavenproject.mavenproject1.demoTestNg" name="TC1" time="0.001"/>
  <testcase classname="mavenproject.mavenproject1.demoTestNg" name="TC2" time="0.0"/>
</testsuite> <!-- Default test -->
