<?xml version="1.0" encoding="UTF-8"?>
<testng-results ignored="1" total="3" passed="2" failed="0" skipped="0">
  <reporter-output>
  </reporter-output>
  <suite started-at="2022-10-17T14:36:23 IST" name="Suite" finished-at="2022-10-17T14:36:23 IST" duration-ms="38">
    <groups>
      <group name="sub">
        <method signature="testNgExample.mul()[pri:2, instance:mavenproject.mavenproject1.testNgExample@cad498c]" name="mul" class="mavenproject.mavenproject1.testNgExample"/>
        <method signature="testNgExample.sub(int, int)[pri:0, instance:mavenproject.mavenproject1.testNgExample@cad498c]" name="sub" class="mavenproject.mavenproject1.testNgExample"/>
      </group> <!-- sub -->
    </groups>
    <test started-at="2022-10-17T14:36:23 IST" name="Test" finished-at="2022-10-17T14:36:23 IST" duration-ms="38">
      <class name="mavenproject.mavenproject1.testNgExample">
        <test-method signature="sub(int, int)[pri:0, instance:mavenproject.mavenproject1.testNgExample@cad498c]" started-at="2022-10-17T14:36:23 IST" name="sub" finished-at="2022-10-17T14:36:23 IST" duration-ms="7" status="PASS">
          <params>
            <param index="0">
              <value>
                <![CDATA[25]]>
              </value>
            </param>
            <param index="1">
              <value>
                <![CDATA[25]]>
              </value>
            </param>
          </params>
          <reporter-output>
          </reporter-output>
        </test-method> <!-- sub -->
        <test-method signature="mul()[pri:2, instance:mavenproject.mavenproject1.testNgExample@cad498c]" started-at="2022-10-17T14:36:23 IST" name="mul" finished-at="2022-10-17T14:36:23 IST" duration-ms="0" status="PASS">
          <reporter-output>
          </reporter-output>
        </test-method> <!-- mul -->
      </class> <!-- mavenproject.mavenproject1.testNgExample -->
    </test> <!-- Test -->
  </suite> <!-- Suite -->
</testng-results>
