<?xml version="1.0" encoding="UTF-8"?>
<testng-results ignored="0" total="2" passed="2" failed="0" skipped="0">
  <reporter-output>
  </reporter-output>
  <suite started-at="2022-10-19T11:14:24 IST" name="Suite" finished-at="2022-10-19T11:14:37 IST" duration-ms="13967">
    <groups>
    </groups>
    <test started-at="2022-10-19T11:14:24 IST" name="Test" finished-at="2022-10-19T11:14:37 IST" duration-ms="13967">
      <class name="JPetStore.JPetStoreAutomation.JPetStoreLogin">
        <test-method is-config="true" signature="startTest()[pri:0, instance:JPetStore.JPetStoreAutomation.JPetStoreLogin@932bc4a]" started-at="2022-10-19T11:14:24 IST" name="startTest" finished-at="2022-10-19T11:14:24 IST" duration-ms="163" status="PASS">
          <reporter-output>
          </reporter-output>
        </test-method> <!-- startTest -->
        <test-method signature="invoke(java.lang.String)[pri:0, instance:JPetStore.JPetStoreAutomation.JPetStoreLogin@932bc4a]" started-at="2022-10-19T11:14:24 IST" name="invoke" finished-at="2022-10-19T11:14:29 IST" duration-ms="5346" status="PASS">
          <params>
            <param index="0">
              <value>
                <![CDATA[edge]]>
              </value>
            </param>
          </params>
          <reporter-output>
          </reporter-output>
        </test-method> <!-- invoke -->
        <test-method signature="login()[pri:0, instance:JPetStore.JPetStoreAutomation.JPetStoreLogin@932bc4a]" started-at="2022-10-19T11:14:29 IST" name="login" finished-at="2022-10-19T11:14:36 IST" depends-on-methods="JPetStore.JPetStoreAutomation.JPetStoreLogin.invoke" duration-ms="6692" status="PASS">
          <reporter-output>
          </reporter-output>
        </test-method> <!-- login -->
        <test-method is-config="true" signature="endTest()[pri:0, instance:JPetStore.JPetStoreAutomation.JPetStoreLogin@932bc4a]" started-at="2022-10-19T11:14:36 IST" name="endTest" finished-at="2022-10-19T11:14:36 IST" duration-ms="599" status="PASS">
          <reporter-output>
          </reporter-output>
        </test-method> <!-- endTest -->
        <test-method is-config="true" signature="closeBrowser()[pri:0, instance:JPetStore.JPetStoreAutomation.JPetStoreLogin@932bc4a]" started-at="2022-10-19T11:14:36 IST" name="closeBrowser" finished-at="2022-10-19T11:14:37 IST" duration-ms="1135" status="PASS">
          <reporter-output>
          </reporter-output>
        </test-method> <!-- closeBrowser -->
      </class> <!-- JPetStore.JPetStoreAutomation.JPetStoreLogin -->
    </test> <!-- Test -->
  </suite> <!-- Suite -->
</testng-results>
