<?xml version="1.0" encoding="UTF-8"?>
<!-- Generated by org.testng.reporters.JUnitXMLReporter -->
<testsuite ignored="1" hostname="APH10126" failures="0" tests="2" name="Test" time="0.038" errors="0" timestamp="2022-10-17T14:36:23 IST">
  <testcase classname="mavenproject.mavenproject1.testNgExample" name="sub" time="0.007"/>
  <testcase classname="mavenproject.mavenproject1.testNgExample" name="mul" time="0.0"/>
  <testcase classname="mavenproject.mavenproject1.testNgExample" name="add" time="0.0">
    <ignored/>
  </testcase> <!-- add -->
</testsuite> <!-- Test -->
